\BOOKMARK [1][-]{section.1}{Overview and Related Work}{}% 1
\BOOKMARK [2][-]{subsection.1.1}{Background: March Madness}{section.1}% 2
\BOOKMARK [2][-]{subsection.1.2}{Background: Statistical Predictions}{section.1}% 3
\BOOKMARK [2][-]{subsection.1.3}{Background: Data Mining Predictions}{section.1}% 4
\BOOKMARK [1][-]{section.2}{Methodology}{}% 5
\BOOKMARK [1][-]{section.3}{Data}{}% 6
\BOOKMARK [2][-]{subsection.3.1}{Data Acquisition}{section.3}% 7
\BOOKMARK [2][-]{subsection.3.2}{Base Stats}{section.3}% 8
\BOOKMARK [2][-]{subsection.3.3}{Basic Derived Stats}{section.3}% 9
\BOOKMARK [2][-]{subsection.3.4}{Dean Oliver Derived Stats}{section.3}% 10
\BOOKMARK [2][-]{subsection.3.5}{KenPom Derived Attributes}{section.3}% 11
\BOOKMARK [2][-]{subsection.3.6}{Cumulative Stats}{section.3}% 12
\BOOKMARK [2][-]{subsection.3.7}{Rating Systems}{section.3}% 13
\BOOKMARK [2][-]{subsection.3.8}{Team Feature Summary}{section.3}% 14
\BOOKMARK [2][-]{subsection.3.9}{Game Features}{section.3}% 15
\BOOKMARK [1][-]{section.4}{Preprocessing}{}% 16
\BOOKMARK [2][-]{subsection.4.1}{Normalization}{section.4}% 17
\BOOKMARK [2][-]{subsection.4.2}{Feature Selection}{section.4}% 18
\BOOKMARK [1][-]{section.5}{Classification}{}% 19
\BOOKMARK [2][-]{subsection.5.1}{5-fold cross validation methodology}{section.5}% 20
\BOOKMARK [2][-]{subsection.5.2}{Classifiers}{section.5}% 21
\BOOKMARK [2][-]{subsection.5.3}{Full Season Results}{section.5}% 22
\BOOKMARK [2][-]{subsection.5.4}{Piecewise Classification}{section.5}% 23
\BOOKMARK [2][-]{subsection.5.5}{Bracket Prediction}{section.5}% 24
\BOOKMARK [1][-]{section.6}{Conclusion}{}% 25
\BOOKMARK [2][-]{subsection.6.1}{Analysis of Results}{section.6}% 26
\BOOKMARK [2][-]{subsection.6.2}{Future Work}{section.6}% 27
\BOOKMARK [1][-]{section.7}{Bibliography}{}% 28
